#! /opt/homebrew/Cellar/icarus-verilog/12.0/bin/vvp
:ivl_version "12.0 (stable)";
:ivl_delay_selection "TYPICAL";
:vpi_time_precision - 12;
:vpi_module "/opt/homebrew/Cellar/icarus-verilog/12.0/lib/ivl/system.vpi";
:vpi_module "/opt/homebrew/Cellar/icarus-verilog/12.0/lib/ivl/vhdl_sys.vpi";
:vpi_module "/opt/homebrew/Cellar/icarus-verilog/12.0/lib/ivl/vhdl_textio.vpi";
:vpi_module "/opt/homebrew/Cellar/icarus-verilog/12.0/lib/ivl/v2005_math.vpi";
:vpi_module "/opt/homebrew/Cellar/icarus-verilog/12.0/lib/ivl/va_math.vpi";
:vpi_module "/opt/homebrew/Cellar/icarus-verilog/12.0/lib/ivl/v2009.vpi";
S_0x142106d10 .scope package, "$unit" "$unit" 2 1;
 .timescale 0 0;
S_0x142106e80 .scope module, "and_gate_tb" "and_gate_tb" 3 4;
 .timescale -9 -12;
v0x142119ca0_0 .var "a", 0 0;
v0x142119d40_0 .var "b", 0 0;
v0x142119df0_0 .net "y", 0 0, L_0x142119ec0;  1 drivers
S_0x142104d80 .scope module, "dut" "and2" 3 10, 4 2 0, S_0x142106e80;
 .timescale -9 -12;
    .port_info 0 /INPUT 1 "a";
    .port_info 1 /INPUT 1 "b";
    .port_info 2 /OUTPUT 1 "y";
L_0x142119ec0 .functor AND 1, v0x142119ca0_0, v0x142119d40_0, C4<1>, C4<1>;
v0x142104ef0_0 .net "a", 0 0, v0x142119ca0_0;  1 drivers
v0x142119b00_0 .net "b", 0 0, v0x142119d40_0;  1 drivers
v0x142119ba0_0 .net "y", 0 0, L_0x142119ec0;  alias, 1 drivers
    .scope S_0x142106e80;
T_0 ;
    %vpi_call/w 3 18 "$dumpfile", "and_gate.vcd" {0 0 0};
    %vpi_call/w 3 19 "$dumpvars", 32'sb00000000000000000000000000000000, S_0x142106e80 {0 0 0};
    %pushi/vec4 0, 0, 1;
    %store/vec4 v0x142119ca0_0, 0, 1;
    %pushi/vec4 0, 0, 1;
    %store/vec4 v0x142119d40_0, 0, 1;
    %delay 10000, 0;
    %pushi/vec4 0, 0, 1;
    %store/vec4 v0x142119ca0_0, 0, 1;
    %pushi/vec4 1, 0, 1;
    %store/vec4 v0x142119d40_0, 0, 1;
    %delay 10000, 0;
    %pushi/vec4 1, 0, 1;
    %store/vec4 v0x142119ca0_0, 0, 1;
    %pushi/vec4 0, 0, 1;
    %store/vec4 v0x142119d40_0, 0, 1;
    %delay 10000, 0;
    %pushi/vec4 1, 0, 1;
    %store/vec4 v0x142119ca0_0, 0, 1;
    %pushi/vec4 1, 0, 1;
    %store/vec4 v0x142119d40_0, 0, 1;
    %delay 10000, 0;
    %delay 10000, 0;
    %vpi_call/w 3 27 "$finish" {0 0 0};
    %end;
    .thread T_0;
# The file index is used to find the file name in the following table.
:file_names 5;
    "N/A";
    "<interactive>";
    "-";
    "and_gate_tb.v";
    "and_gate.v";
